--------------------------------------------------------------------------------
Marvellous Infosystems Process Logger : Sat Oct  7 19:08:27 2023
--------------------------------------------------------------------------------

{'name': 'loginwindow', 'pid': 362, 'username': 'root', 'vms': 400054.421875}
{'name': 'distnoted', 'pid': 565, 'username': 'shubhamborse', 'vms': 398603.484375}
{'name': 'cfprefsd', 'pid': 566, 'username': 'shubhamborse', 'vms': 398667.09375}
{'name': 'UserEventAgent', 'pid': 572, 'username': 'shubhamborse', 'vms': 398703.265625}
{'name': 'ContinuityCaptureAgent', 'pid': 579, 'username': 'shubhamborse', 'vms': 398702.03125}
{'name': 'lsd', 'pid': 580, 'username': 'shubhamborse', 'vms': 398707.578125}
{'name': 'lockoutagent', 'pid': 584, 'username': 'shubhamborse', 'vms': 398698.78125}
{'name': 'usernoted', 'pid': 586, 'username': 'shubhamborse', 'vms': 398708.0625}
{'name': 'rapportd', 'pid': 588, 'username': 'shubhamborse', 'vms': 398703.640625}
{'name': 'nsurlsessiond', 'pid': 589, 'username': 'shubhamborse', 'vms': 398708.25}
{'name': 'ContextStoreAgent', 'pid': 590, 'username': 'shubhamborse', 'vms': 398719.640625}
{'name': 'secd', 'pid': 593, 'username': 'shubhamborse', 'vms': 398923.328125}
{'name': 'usernotificationsd', 'pid': 595, 'username': 'shubhamborse', 'vms': 399913.6875}
{'name': 'universalaccessd', 'pid': 597, 'username': 'shubhamborse', 'vms': 399295.3125}
{'name': 'pboard', 'pid': 598, 'username': 'shubhamborse', 'vms': 398705.3125}
{'name': 'trustd', 'pid': 599, 'username': 'shubhamborse', 'vms': 398707.625}
{'name': 'AXVisualSupportAgent', 'pid': 600, 'username': 'shubhamborse', 'vms': 399923.59375}
{'name': 'accountsd', 'pid': 601, 'username': 'shubhamborse', 'vms': 398757.78125}
{'name': 'WiFiAgent', 'pid': 604, 'username': 'shubhamborse', 'vms': 398843.703125}
{'name': 'WindowManager', 'pid': 605, 'username': 'shubhamborse', 'vms': 400075.046875}
{'name': 'identityservicesd', 'pid': 606, 'username': 'shubhamborse', 'vms': 398743.6875}
{'name': 'NotificationCenter', 'pid': 607, 'username': 'shubhamborse', 'vms': 400234.546875}
{'name': 'sharedfilelistd', 'pid': 610, 'username': 'shubhamborse', 'vms': 398700.03125}
{'name': 'siriactionsd', 'pid': 617, 'username': 'shubhamborse', 'vms': 398704.28125}
{'name': 'tccd', 'pid': 618, 'username': 'shubhamborse', 'vms': 398705.96875}
{'name': 'fontd', 'pid': 619, 'username': 'shubhamborse', 'vms': 398698.59375}
{'name': 'bird', 'pid': 620, 'username': 'shubhamborse', 'vms': 398706.796875}
{'name': 'fontworker', 'pid': 622, 'username': 'shubhamborse', 'vms': 398720.4375}
{'name': 'Dock', 'pid': 626, 'username': 'shubhamborse', 'vms': 400165.203125}
{'name': 'ControlCenter', 'pid': 628, 'username': 'shubhamborse', 'vms': 400389.15625}
{'name': 'SystemUIServer', 'pid': 630, 'username': 'shubhamborse', 'vms': 399769.984375}
{'name': 'Finder', 'pid': 632, 'username': 'shubhamborse', 'vms': 400563.171875}
{'name': 'WallpaperAgent', 'pid': 636, 'username': 'shubhamborse', 'vms': 399829.140625}
{'name': 'Spotlight', 'pid': 640, 'username': 'shubhamborse', 'vms': 400815.921875}
{'name': 'ViewBridgeAuxiliary', 'pid': 641, 'username': 'shubhamborse', 'vms': 398827.40625}
{'name': 'fileproviderd', 'pid': 644, 'username': 'shubhamborse', 'vms': 398718.921875}
{'name': 'AMPDeviceDiscoveryAgent', 'pid': 645, 'username': 'shubhamborse', 'vms': 398706.359375}
{'name': 'corespotlightd', 'pid': 650, 'username': 'shubhamborse', 'vms': 400654.65625}
{'name': 'commerce', 'pid': 663, 'username': 'shubhamborse', 'vms': 398718.765625}
{'name': 'com.apple.CloudDocs.iCloudDriveFileProvider', 'pid': 674, 'username': 'shubhamborse', 'vms': 398697.875}
{'name': 'UIKitSystem', 'pid': 684, 'username': 'shubhamborse', 'vms': 400046.640625}
{'name': 'sharingd', 'pid': 694, 'username': 'shubhamborse', 'vms': 398775.078125}
{'name': 'familycircled', 'pid': 696, 'username': 'shubhamborse', 'vms': 398760.953125}
{'name': 'seserviced', 'pid': 704, 'username': 'shubhamborse', 'vms': 398667.328125}
{'name': 'akd', 'pid': 710, 'username': 'shubhamborse', 'vms': 398719.078125}
{'name': 'fmfd', 'pid': 712, 'username': 'shubhamborse', 'vms': 398806.546875}
{'name': 'StatusKitAgent', 'pid': 714, 'username': 'shubhamborse', 'vms': 398703.796875}
{'name': 'imagent', 'pid': 715, 'username': 'shubhamborse', 'vms': 398704.1875}
{'name': 'homed', 'pid': 716, 'username': 'shubhamborse', 'vms': 398914.796875}
{'name': 'useractivityd', 'pid': 723, 'username': 'shubhamborse', 'vms': 398698.734375}
{'name': 'mediaremoteagent', 'pid': 724, 'username': 'shubhamborse', 'vms': 398537.484375}
{'name': 'com.apple.Safari.History', 'pid': 725, 'username': 'shubhamborse', 'vms': 400235.078125}
{'name': 'avconferenced', 'pid': 726, 'username': 'shubhamborse', 'vms': 399804.078125}
{'name': 'com.apple.dock.extra', 'pid': 746, 'username': 'shubhamborse', 'vms': 399212.734375}
{'name': 'BiomeAgent', 'pid': 747, 'username': 'shubhamborse', 'vms': 398699.671875}
{'name': 'assistantd', 'pid': 751, 'username': 'shubhamborse', 'vms': 398760.234375}
{'name': 'amsaccountsd', 'pid': 760, 'username': 'shubhamborse', 'vms': 398701.671875}
{'name': 'WallpaperVideoExtension', 'pid': 762, 'username': 'shubhamborse', 'vms': 399388.34375}
{'name': 'passd', 'pid': 776, 'username': 'shubhamborse', 'vms': 398705.671875}
{'name': 'imklaunchagent', 'pid': 777, 'username': 'shubhamborse', 'vms': 398572.75}
{'name': 'PAH_Extension', 'pid': 779, 'username': 'shubhamborse', 'vms': 398689.28125}
{'name': 'corespeechd', 'pid': 783, 'username': 'shubhamborse', 'vms': 398741.84375}
{'name': 'Siri', 'pid': 789, 'username': 'shubhamborse', 'vms': 399894.703125}
{'name': 'icdd', 'pid': 790, 'username': 'shubhamborse', 'vms': 398689.796875}
{'name': 'AirPlayUIAgent', 'pid': 794, 'username': 'shubhamborse', 'vms': 399680.421875}
{'name': 'audioaccessoryd', 'pid': 796, 'username': 'shubhamborse', 'vms': 398704.78125}
{'name': 'diagnostics_agent', 'pid': 797, 'username': 'shubhamborse', 'vms': 398663.03125}
{'name': 'TextInputMenuAgent', 'pid': 799, 'username': 'shubhamborse', 'vms': 399945.984375}
{'name': 'Cloudflare WARP', 'pid': 806, 'username': 'shubhamborse', 'vms': 400139.84375}
{'name': 'ctkahp', 'pid': 811, 'username': 'shubhamborse', 'vms': 398665.640625}
{'name': 'storedownloadd', 'pid': 838, 'username': 'shubhamborse', 'vms': 398662.5625}
{'name': 'searchpartyuseragent', 'pid': 847, 'username': 'shubhamborse', 'vms': 398720.40625}
{'name': 'mdbulkimport', 'pid': 880, 'username': 'shubhamborse', 'vms': 398680.234375}
{'name': 'SiriNCService', 'pid': 951, 'username': 'shubhamborse', 'vms': 398916.21875}
{'name': 'PasswordBreachAgent', 'pid': 973, 'username': 'shubhamborse', 'vms': 398673.84375}
{'name': 'PowerChime', 'pid': 1015, 'username': 'shubhamborse', 'vms': 398770.15625}
{'name': 'AMPLibraryAgent', 'pid': 1131, 'username': 'shubhamborse', 'vms': 398770.421875}
{'name': 'mdwrite', 'pid': 1170, 'username': 'shubhamborse', 'vms': 398675.625}
{'name': 'mbuseragent', 'pid': 1278, 'username': 'shubhamborse', 'vms': 398502.171875}
{'name': 'assistant_service', 'pid': 1282, 'username': 'shubhamborse', 'vms': 398777.25}
{'name': 'storeaccountd', 'pid': 1291, 'username': 'shubhamborse', 'vms': 398665.578125}
{'name': 'universalAccessAuthWarn', 'pid': 1465, 'username': 'shubhamborse', 'vms': 399894.4375}
{'name': 'IMAutomaticHistoryDeletionAgent', 'pid': 1788, 'username': 'shubhamborse', 'vms': 398661.546875}
{'name': 'DiskUnmountWatcher', 'pid': 2195, 'username': 'shubhamborse', 'vms': 398502.4375}
{'name': 'Terminal', 'pid': 3060, 'username': 'shubhamborse', 'vms': 401003.09375}
{'name': 'zsh', 'pid': 3062, 'username': 'shubhamborse', 'vms': 399114.28125}
{'name': 'ThemeWidgetControlViewService', 'pid': 3073, 'username': 'shubhamborse', 'vms': 399314.765625}
{'name': 'knowledge-agent', 'pid': 4164, 'username': 'shubhamborse', 'vms': 398708.640625}
{'name': 'syncdefaultsd', 'pid': 4175, 'username': 'shubhamborse', 'vms': 398704.984375}
{'name': 'cloudd', 'pid': 4176, 'username': 'shubhamborse', 'vms': 398734.515625}
{'name': 'ScreenTimeAgent', 'pid': 4190, 'username': 'shubhamborse', 'vms': 398711.734375}
{'name': 'parsecd', 'pid': 4328, 'username': 'shubhamborse', 'vms': 398707.5625}
{'name': 'networkserviceproxy', 'pid': 4329, 'username': 'shubhamborse', 'vms': 398711.828125}
{'name': 'routined', 'pid': 4376, 'username': 'shubhamborse', 'vms': 398676.015625}
{'name': 'LinkedNotesUIService', 'pid': 4415, 'username': 'shubhamborse', 'vms': 398766.125}
{'name': 'gamecontrolleragentd', 'pid': 4500, 'username': 'shubhamborse', 'vms': 398649.078125}
{'name': 'CommCenter', 'pid': 4617, 'username': 'shubhamborse', 'vms': 398710.015625}
{'name': 'CoreLocationAgent', 'pid': 4618, 'username': 'shubhamborse', 'vms': 398806.671875}
{'name': 'callservicesd', 'pid': 4620, 'username': 'shubhamborse', 'vms': 398715.890625}
{'name': 'contactsd', 'pid': 4622, 'username': 'shubhamborse', 'vms': 398705.734375}
{'name': 'com.apple.FaceTime.FTConversationService', 'pid': 4623, 'username': 'shubhamborse', 'vms': 399067.546875}
{'name': 'dmd', 'pid': 4624, 'username': 'shubhamborse', 'vms': 398702.90625}
{'name': 'ManagedSettingsAgent', 'pid': 4625, 'username': 'shubhamborse', 'vms': 398631.140625}
{'name': 'Keychain Circle Notification', 'pid': 4628, 'username': 'shubhamborse', 'vms': 398718.921875}
{'name': 'cdpd', 'pid': 4629, 'username': 'shubhamborse', 'vms': 398696.984375}
{'name': 'triald', 'pid': 4632, 'username': 'shubhamborse', 'vms': 398701.25}
{'name': 'intelligentroutingd', 'pid': 4634, 'username': 'shubhamborse', 'vms': 398705.515625}
{'name': 'containermanagerd', 'pid': 4635, 'username': 'shubhamborse', 'vms': 398697.515625}
{'name': 'SafariBookmarksSyncAgent', 'pid': 4637, 'username': 'shubhamborse', 'vms': 398859.625}
{'name': 'suggestd', 'pid': 4638, 'username': 'shubhamborse', 'vms': 399038.390625}
{'name': 'sociallayerd', 'pid': 4639, 'username': 'shubhamborse', 'vms': 398690.78125}
{'name': 'ContextService', 'pid': 4640, 'username': 'shubhamborse', 'vms': 398803.671875}
{'name': 'neagent', 'pid': 4641, 'username': 'shubhamborse', 'vms': 398704.828125}
{'name': 'replayd', 'pid': 4642, 'username': 'shubhamborse', 'vms': 398715.0625}
{'name': 'calaccessd', 'pid': 4643, 'username': 'shubhamborse', 'vms': 398712.859375}
{'name': 'com.apple.hiservices-xpcservice', 'pid': 4644, 'username': 'shubhamborse', 'vms': 398538.15625}
{'name': 'itunescloudd', 'pid': 4652, 'username': 'shubhamborse', 'vms': 398729.046875}
{'name': 'CoreServicesUIAgent', 'pid': 4653, 'username': 'shubhamborse', 'vms': 400157.3125}
{'name': 'UsageTrackingAgent', 'pid': 4656, 'username': 'shubhamborse', 'vms': 398663.609375}
{'name': 'secinitd', 'pid': 4657, 'username': 'shubhamborse', 'vms': 398705.515625}
{'name': 'mediaanalysisd', 'pid': 4658, 'username': 'shubhamborse', 'vms': 398876.203125}
{'name': 'bluetoothuserd', 'pid': 4660, 'username': 'shubhamborse', 'vms': 398699.0}
{'name': 'pkd', 'pid': 4662, 'username': 'shubhamborse', 'vms': 398705.28125}
{'name': 'localizationswitcherd', 'pid': 4663, 'username': 'shubhamborse', 'vms': 398698.25}
{'name': 'com.apple.geod', 'pid': 4670, 'username': 'shubhamborse', 'vms': 398707.84375}
{'name': 'CategoriesService', 'pid': 4685, 'username': 'shubhamborse', 'vms': 398669.6875}
{'name': 'iconservicesagent', 'pid': 4688, 'username': 'shubhamborse', 'vms': 398744.671875}
{'name': 'AssetCacheLocatorService', 'pid': 4692, 'username': 'shubhamborse', 'vms': 398694.25}
{'name': 'iCloudNotificationAgent', 'pid': 4697, 'username': 'shubhamborse', 'vms': 398723.875}
{'name': 'biomesyncd', 'pid': 4707, 'username': 'shubhamborse', 'vms': 398684.75}
{'name': 'translationd', 'pid': 4714, 'username': 'shubhamborse', 'vms': 398724.90625}
{'name': 'ctkd', 'pid': 4717, 'username': 'shubhamborse', 'vms': 398662.03125}
{'name': 'coreauthd', 'pid': 4719, 'username': 'shubhamborse', 'vms': 398698.546875}
{'name': 'CursorUIViewService', 'pid': 4740, 'username': 'shubhamborse', 'vms': 399603.609375}
{'name': 'contentlinkingd', 'pid': 4742, 'username': 'shubhamborse', 'vms': 398699.40625}
{'name': 'webpushd', 'pid': 4744, 'username': 'shubhamborse', 'vms': 398832.859375}
{'name': 'swcd', 'pid': 4745, 'username': 'shubhamborse', 'vms': 398698.3125}
{'name': 'maild', 'pid': 4760, 'username': 'shubhamborse', 'vms': 398681.8125}
{'name': 'proactived', 'pid': 4761, 'username': 'shubhamborse', 'vms': 398706.515625}
{'name': 'CMFSyncAgent', 'pid': 4762, 'username': 'shubhamborse', 'vms': 398501.640625}
{'name': 'donotdisturbd', 'pid': 4763, 'username': 'shubhamborse', 'vms': 398687.859375}
{'name': 'IntelligencePlatformComputeService', 'pid': 4764, 'username': 'shubhamborse', 'vms': 398665.28125}
{'name': 'AppSSOAgent', 'pid': 4782, 'username': 'shubhamborse', 'vms': 399521.46875}
{'name': 'pbs', 'pid': 4785, 'username': 'shubhamborse', 'vms': 398577.421875}
{'name': 'Google Chrome', 'pid': 4786, 'username': 'shubhamborse', 'vms': 432227.921875}
{'name': 'chrome_crashpad_handler', 'pid': 4788, 'username': 'shubhamborse', 'vms': 431255.296875}
{'name': 'Google Chrome Helper (GPU)', 'pid': 4795, 'username': 'shubhamborse', 'vms': 431962.65625}
{'name': 'Google Chrome Helper', 'pid': 4796, 'username': 'shubhamborse', 'vms': 431763.234375}
{'name': 'Google Chrome Helper', 'pid': 4797, 'username': 'shubhamborse', 'vms': 431708.4375}
{'name': 'SafariLaunchAgent', 'pid': 4801, 'username': 'shubhamborse', 'vms': 398671.09375}
{'name': 'Google Chrome Helper (Renderer)', 'pid': 4810, 'username': 'shubhamborse', 'vms': 1557506.65625}
{'name': 'Google Chrome Helper (Renderer)', 'pid': 4814, 'username': 'shubhamborse', 'vms': 1557425.484375}
{'name': 'Google Chrome Helper', 'pid': 4815, 'username': 'shubhamborse', 'vms': 431977.328125}
{'name': 'AudioComponentRegistrar', 'pid': 4817, 'username': 'shubhamborse', 'vms': 398697.59375}
{'name': 'CarbonComponentScannerXPC', 'pid': 4818, 'username': 'shubhamborse', 'vms': 33197.109375}
{'name': 'MTLCompilerService', 'pid': 4822, 'username': 'shubhamborse', 'vms': 399516.421875}
{'name': 'MTLCompilerService', 'pid': 4823, 'username': 'shubhamborse', 'vms': 399481.5}
{'name': 'spindump_agent', 'pid': 4829, 'username': 'shubhamborse', 'vms': 398494.203125}
{'name': 'csnameddatad', 'pid': 4830, 'username': 'shubhamborse', 'vms': 398538.03125}
{'name': 'axassetsd', 'pid': 4831, 'username': 'shubhamborse', 'vms': 398664.234375}
{'name': 'com.apple.audio.ComponentTagHelper', 'pid': 4832, 'username': 'shubhamborse', 'vms': 398502.078125}
{'name': 'naturallanguaged', 'pid': 4836, 'username': 'shubhamborse', 'vms': 398731.84375}
{'name': 'Google Chrome Helper (Renderer)', 'pid': 4838, 'username': 'shubhamborse', 'vms': 1557406.890625}
{'name': 'ReportCrash', 'pid': 4849, 'username': 'shubhamborse', 'vms': 398502.359375}
{'name': 'siriknowledged', 'pid': 4855, 'username': 'shubhamborse', 'vms': 398672.65625}
{'name': 'IMDPersistenceAgent', 'pid': 4856, 'username': 'shubhamborse', 'vms': 398705.40625}
{'name': 'keyboardservicesd', 'pid': 4873, 'username': 'shubhamborse', 'vms': 398685.265625}
{'name': 'PlugInLibraryService', 'pid': 4885, 'username': 'shubhamborse', 'vms': 398493.125}
{'name': 'PlugInLibraryService', 'pid': 4887, 'username': 'shubhamborse', 'vms': 398521.125}
{'name': 'XprotectService', 'pid': 4888, 'username': 'shubhamborse', 'vms': 398705.453125}
{'name': 'MTLAssetUpgraderD', 'pid': 4893, 'username': 'shubhamborse', 'vms': 398662.3125}
{'name': 'linkd', 'pid': 4894, 'username': 'shubhamborse', 'vms': 398717.203125}
{'name': 'ContainerMetadataExtractor', 'pid': 4911, 'username': 'shubhamborse', 'vms': 398668.9375}
{'name': 'OSDUIHelper', 'pid': 4953, 'username': 'shubhamborse', 'vms': 399452.0}
{'name': 'ThemeWidgetControlViewService', 'pid': 4970, 'username': 'shubhamborse', 'vms': 399804.921875}
{'name': 'MTLCompilerService', 'pid': 4975, 'username': 'shubhamborse', 'vms': 399395.421875}
{'name': 'PlugInLibraryService', 'pid': 5013, 'username': 'shubhamborse', 'vms': 398502.125}
{'name': 'com.apple.quicklook.ThumbnailsAgent', 'pid': 5014, 'username': 'shubhamborse', 'vms': 399216.03125}
{'name': 'ThumbnailExtension_macOS', 'pid': 5016, 'username': 'shubhamborse', 'vms': 398738.546875}
{'name': 'ScopedBookmarkAgent', 'pid': 5019, 'username': 'shubhamborse', 'vms': 398689.59375}
{'name': 'appstoreagent', 'pid': 5078, 'username': 'shubhamborse', 'vms': 398715.078125}
{'name': 'amsengagementd', 'pid': 5081, 'username': 'shubhamborse', 'vms': 403030.625}
{'name': 'promotedcontentd', 'pid': 5082, 'username': 'shubhamborse', 'vms': 398652.203125}
{'name': 'mobiletimerd', 'pid': 5178, 'username': 'shubhamborse', 'vms': 398672.578125}
{'name': 'backgroundassets.user', 'pid': 5180, 'username': 'shubhamborse', 'vms': 398533.375}
{'name': 'com.apple.Safari.SafeBrowsing.Service', 'pid': 5185, 'username': 'shubhamborse', 'vms': 398699.703125}
{'name': 'photoanalysisd', 'pid': 5187, 'username': 'shubhamborse', 'vms': 398714.875}
{'name': 'photolibraryd', 'pid': 5189, 'username': 'shubhamborse', 'vms': 398742.9375}
{'name': 'cloudphotod', 'pid': 5193, 'username': 'shubhamborse', 'vms': 398672.546875}
{'name': 'dataaccessd', 'pid': 5195, 'username': 'shubhamborse', 'vms': 398685.5}
{'name': 'tipsd', 'pid': 5196, 'username': 'shubhamborse', 'vms': 398687.8125}
{'name': 'followupd', 'pid': 5197, 'username': 'shubhamborse', 'vms': 398665.75}
{'name': 'TrustedPeersHelper', 'pid': 5198, 'username': 'shubhamborse', 'vms': 399080.40625}
{'name': 'com.apple.sbd', 'pid': 5199, 'username': 'shubhamborse', 'vms': 398682.0}
{'name': 'peopled', 'pid': 5200, 'username': 'shubhamborse', 'vms': 398704.65625}
{'name': 'proactiveeventtrackerd', 'pid': 5203, 'username': 'shubhamborse', 'vms': 398662.390625}
{'name': 'nbagent', 'pid': 5204, 'username': 'shubhamborse', 'vms': 403098.609375}
{'name': 'sirittsd', 'pid': 5216, 'username': 'shubhamborse', 'vms': 398682.15625}
{'name': 'RemoteManagementAgent', 'pid': 5235, 'username': 'shubhamborse', 'vms': 398664.3125}
{'name': 'spotlightknowledged', 'pid': 5236, 'username': 'shubhamborse', 'vms': 399434.921875}
{'name': 'SecuritySubscriber', 'pid': 5238, 'username': 'shubhamborse', 'vms': 399206.40625}
{'name': 'InteractiveLegacyProfilesSubscriber', 'pid': 5239, 'username': 'shubhamborse', 'vms': 399206.109375}
{'name': 'ScreenSharingSubscriber', 'pid': 5241, 'username': 'shubhamborse', 'vms': 399206.609375}
{'name': 'deleted', 'pid': 5243, 'username': 'shubhamborse', 'vms': 398713.1875}
{'name': 'LegacyProfilesSubscriber', 'pid': 5244, 'username': 'shubhamborse', 'vms': 399334.09375}
{'name': 'PasscodeSettingsSubscriber', 'pid': 5251, 'username': 'shubhamborse', 'vms': 399206.109375}
{'name': 'AccountSubscriber', 'pid': 5253, 'username': 'shubhamborse', 'vms': 399118.78125}
{'name': 'SoftwareUpdateSubscriber', 'pid': 5256, 'username': 'shubhamborse', 'vms': 399206.109375}
{'name': 'ManagementTestSubscriber', 'pid': 5259, 'username': 'shubhamborse', 'vms': 399078.140625}
{'name': 'ManagedConfigurationFilesSubscriber', 'pid': 5262, 'username': 'shubhamborse', 'vms': 399110.3125}
{'name': 'geodMachServiceBridge', 'pid': 5268, 'username': 'shubhamborse', 'vms': 398630.0625}
{'name': 'ASConfigurationSubscriber', 'pid': 5275, 'username': 'shubhamborse', 'vms': 399238.15625}
{'name': 'SoftwareUpdateNotificationManager', 'pid': 5289, 'username': 'shubhamborse', 'vms': 398805.859375}
{'name': 'financed', 'pid': 5290, 'username': 'shubhamborse', 'vms': 398832.671875}
{'name': 'media-indexer', 'pid': 5291, 'username': 'shubhamborse', 'vms': 398689.71875}
{'name': 'PodcastContentService', 'pid': 5292, 'username': 'shubhamborse', 'vms': 398662.9375}
{'name': 'com.apple.BKAgentService', 'pid': 5293, 'username': 'shubhamborse', 'vms': 398534.09375}
{'name': 'AMPArtworkAgent', 'pid': 5294, 'username': 'shubhamborse', 'vms': 398668.421875}
{'name': 'assistant_cdmd', 'pid': 5296, 'username': 'shubhamborse', 'vms': 399111.34375}
{'name': 'com.apple.siri.embeddedspeech', 'pid': 5297, 'username': 'shubhamborse', 'vms': 398530.453125}
{'name': 'com.apple.siri.embeddedspeech', 'pid': 5299, 'username': 'shubhamborse', 'vms': 398534.78125}
{'name': 'intelligenceplatformd', 'pid': 5310, 'username': 'shubhamborse', 'vms': 398664.609375}
{'name': 'mapssyncd', 'pid': 5311, 'username': 'shubhamborse', 'vms': 398669.625}
{'name': 'transparencyd', 'pid': 5377, 'username': 'shubhamborse', 'vms': 398679.515625}
{'name': 'ControlCenterHelper', 'pid': 5514, 'username': 'shubhamborse', 'vms': 398717.984375}
{'name': 'QuickLookSatellite', 'pid': 5539, 'username': 'shubhamborse', 'vms': 398698.59375}
{'name': 'CloudKeychainProxy', 'pid': 5677, 'username': 'shubhamborse', 'vms': 398630.734375}
{'name': 'AuthenticationServicesAgent', 'pid': 5680, 'username': 'shubhamborse', 'vms': 398857.78125}
{'name': 'keychainsharingmessagingd', 'pid': 5681, 'username': 'shubhamborse', 'vms': 399105.265625}
{'name': 'XProtect', 'pid': 5685, 'username': 'shubhamborse', 'vms': 398949.671875}
{'name': 'XProtectPluginService', 'pid': 5686, 'username': 'shubhamborse', 'vms': 398662.28125}
{'name': 'devicecheckd', 'pid': 5689, 'username': 'shubhamborse', 'vms': 398629.515625}
{'name': 'WiFiVelocityAgent', 'pid': 5741, 'username': 'shubhamborse', 'vms': 398629.578125}
{'name': 'adprivacyd', 'pid': 5812, 'username': 'shubhamborse', 'vms': 398677.359375}
{'name': 'voicebankingd', 'pid': 5826, 'username': 'shubhamborse', 'vms': 398670.125}
{'name': 'appleaccountd', 'pid': 5827, 'username': 'shubhamborse', 'vms': 398687.5}
{'name': 'EscrowSecurityAlert', 'pid': 5828, 'username': 'shubhamborse', 'vms': 398629.703125}
{'name': 'betaenrollmentd', 'pid': 5889, 'username': 'shubhamborse', 'vms': 398662.109375}
{'name': 'chronod', 'pid': 5938, 'username': 'shubhamborse', 'vms': 400049.796875}
{'name': 'extensionkitservice', 'pid': 5940, 'username': 'shubhamborse', 'vms': 398705.296875}
{'name': 'WeatherWidget', 'pid': 5941, 'username': 'shubhamborse', 'vms': 398978.515625}
{'name': 'StocksWidget', 'pid': 5942, 'username': 'shubhamborse', 'vms': 398950.015625}
{'name': 'ScreenTimeWidgetExtension', 'pid': 5943, 'username': 'shubhamborse', 'vms': 398996.140625}
{'name': 'CalendarWidgetExtension', 'pid': 5944, 'username': 'shubhamborse', 'vms': 398723.96875}
{'name': 'WorldClockWidget', 'pid': 5945, 'username': 'shubhamborse', 'vms': 398733.046875}
{'name': 'VTDecoderXPCService', 'pid': 6002, 'username': 'shubhamborse', 'vms': 399534.28125}
{'name': 'coreautha', 'pid': 6003, 'username': 'shubhamborse', 'vms': 399323.765625}
{'name': 'ProtectedCloudKeySyncing', 'pid': 6021, 'username': 'shubhamborse', 'vms': 398662.8125}
{'name': 'zoom.us', 'pid': 6026, 'username': 'shubhamborse', 'vms': 401302.328125}
{'name': 'caphost', 'pid': 6027, 'username': 'shubhamborse', 'vms': 399671.609375}
{'name': 'ThemeWidgetControlViewService', 'pid': 6032, 'username': 'shubhamborse', 'vms': 399541.671875}
{'name': 'CptHost', 'pid': 6035, 'username': 'shubhamborse', 'vms': 399550.5625}
{'name': 'aomhost', 'pid': 6036, 'username': 'shubhamborse', 'vms': 399722.28125}
{'name': 'PlugInLibraryService', 'pid': 6121, 'username': 'shubhamborse', 'vms': 398512.125}
{'name': 'Electron', 'pid': 6122, 'username': 'shubhamborse', 'vms': 1547409.53125}
{'name': 'chrome_crashpad_handler', 'pid': 6124, 'username': 'shubhamborse', 'vms': 431254.390625}
{'name': 'Code Helper (GPU)', 'pid': 6125, 'username': 'shubhamborse', 'vms': 431653.546875}
{'name': 'VTDecoderXPCService', 'pid': 6126, 'username': 'shubhamborse', 'vms': 399390.359375}
{'name': 'Code Helper', 'pid': 6127, 'username': 'shubhamborse', 'vms': 431492.890625}
{'name': 'Code Helper (Renderer)', 'pid': 6128, 'username': 'shubhamborse', 'vms': 1557328.15625}
{'name': 'Code Helper (Plugin)', 'pid': 6147, 'username': 'shubhamborse', 'vms': 1546932.875}
{'name': 'Code Helper', 'pid': 6148, 'username': 'shubhamborse', 'vms': 1546943.28125}
{'name': 'Code Helper', 'pid': 6149, 'username': 'shubhamborse', 'vms': 1546943.921875}
{'name': 'Code Helper', 'pid': 6151, 'username': 'shubhamborse', 'vms': 1546914.078125}
{'name': 'colorsync.useragent', 'pid': 6209, 'username': 'shubhamborse', 'vms': 398672.625}
{'name': 'com.apple.ColorSyncXPCAgent', 'pid': 6210, 'username': 'shubhamborse', 'vms': 398494.03125}
{'name': 'Notes', 'pid': 6229, 'username': 'shubhamborse', 'vms': 400371.546875}
{'name': 'com.apple.Notes.LPPreviewGenerator', 'pid': 6230, 'username': 'shubhamborse', 'vms': 398957.09375}
{'name': 'GroupSessionService', 'pid': 6231, 'username': 'shubhamborse', 'vms': 399146.21875}
{'name': 'MTLCompilerService', 'pid': 6232, 'username': 'shubhamborse', 'vms': 399505.421875}
{'name': 'AppleSpell', 'pid': 6243, 'username': 'shubhamborse', 'vms': 398891.4375}
{'name': 'QLPreviewGenerationExtension', 'pid': 6258, 'username': 'shubhamborse', 'vms': 398733.34375}
{'name': 'SpeechSynthesisServerXPC', 'pid': 6259, 'username': 'shubhamborse', 'vms': 398690.8125}
{'name': 'ThemeWidgetControlViewService', 'pid': 6327, 'username': 'shubhamborse', 'vms': 399450.25}
{'name': 'Google Chrome Helper (Renderer)', 'pid': 6337, 'username': 'shubhamborse', 'vms': 1557346.546875}
{'name': 'mdworker_shared', 'pid': 6344, 'username': 'shubhamborse', 'vms': 398677.265625}
{'name': 'Python', 'pid': 6346, 'username': 'shubhamborse', 'vms': 399981.9375}
